[INFO] 20:31:46:838 CLIENTE_LOGGER/(8407:8407): Hola soy un log
[INFO] 20:32:30:473 CLIENTE_LOGGER/(8444:8444): Hola soy un log
[INFO] 20:50:36:553 CLIENTE_LOGGER/(9106:9106): Hola soy un log
[INFO] 16:17:54:960 CLIENTE_LOGGER/(7589:7589): Hola soy un log
[INFO] 16:18:17:123 CLIENTE_LOGGER/(7703:7703): Hola soy un log
[INFO] 16:18:17:124 CLIENTE_LOGGER/(7703:7703): Valor leido de la config: valor
[INFO] 16:18:19:038 CLIENTE_LOGGER/(7703:7703): >> hola
[INFO] 16:18:19:864 CLIENTE_LOGGER/(7703:7703): >> como
[INFO] 16:18:20:579 CLIENTE_LOGGER/(7703:7703): >> estas
[INFO] 16:18:20:943 CLIENTE_LOGGER/(7703:7703): >> 
[INFO] 16:30:57:196 CLIENTE_LOGGER/(8393:8393): Hola soy un log
[INFO] 16:30:57:197 CLIENTE_LOGGER/(8393:8393): Valor leido de la config: valor
[INFO] 16:30:59:170 CLIENTE_LOGGER/(8393:8393): >> hola
[INFO] 16:30:59:840 CLIENTE_LOGGER/(8393:8393): >> 
[INFO] 16:34:57:217 CLIENTE_LOGGER/(8758:8758): Hola soy un log
[INFO] 16:34:57:228 CLIENTE_LOGGER/(8758:8758): Valor leido de la config: valor
[INFO] 16:34:59:554 CLIENTE_LOGGER/(8758:8758): >> hola
[INFO] 16:35:00:260 CLIENTE_LOGGER/(8758:8758): >> como
[INFO] 16:35:01:090 CLIENTE_LOGGER/(8758:8758): >> etas
[INFO] 16:35:01:355 CLIENTE_LOGGER/(8758:8758): >> 
[INFO] 16:52:18:959 CLIENTE_LOGGER/(9124:9124): Hola soy un log
[INFO] 16:52:18:960 CLIENTE_LOGGER/(9124:9124): Valor leido de la config: valor
[INFO] 16:52:20:878 CLIENTE_LOGGER/(9124:9124): >> hola
[INFO] 16:52:21:578 CLIENTE_LOGGER/(9124:9124): >> como
[INFO] 16:52:22:447 CLIENTE_LOGGER/(9124:9124): >> estas
[INFO] 16:52:23:700 CLIENTE_LOGGER/(9124:9124): >> loqui
[INFO] 16:52:24:294 CLIENTE_LOGGER/(9124:9124): >> 
[INFO] 17:02:54:766 CLIENTE_LOGGER/(9371:9371): Hola soy un log
[INFO] 17:02:54:768 CLIENTE_LOGGER/(9371:9371): Valor leido de la config: valor
[INFO] 17:02:56:174 CLIENTE_LOGGER/(9371:9371): >> 
[INFO] 17:03:33:986 CLIENTE_LOGGER/(9516:9516): Hola soy un log
[INFO] 17:03:33:987 CLIENTE_LOGGER/(9516:9516): Valor leido de la config: valor
[INFO] 17:03:35:728 CLIENTE_LOGGER/(9516:9516): >> a
[INFO] 17:03:36:443 CLIENTE_LOGGER/(9516:9516): >> a
[INFO] 17:03:36:685 CLIENTE_LOGGER/(9516:9516): >> a
[INFO] 17:03:37:523 CLIENTE_LOGGER/(9516:9516): >> a
[INFO] 17:03:38:672 CLIENTE_LOGGER/(9516:9516): >> 
[INFO] 17:14:23:262 CLIENTE_LOGGER/(9758:9758): Hola soy un log
[INFO] 17:14:23:263 CLIENTE_LOGGER/(9758:9758): Valor leido de la config: valor
[INFO] 17:14:26:614 CLIENTE_LOGGER/(9758:9758): >> hola
[INFO] 17:14:32:952 CLIENTE_LOGGER/(9758:9758): >> estoy probando donde se guarda la info
[INFO] 17:14:39:768 CLIENTE_LOGGER/(9758:9758): >> okeym estoy se guarda en el log del cliente
[INFO] 17:14:41:081 CLIENTE_LOGGER/(9758:9758): >> 
[INFO] 17:17:09:124 CLIENTE_LOGGER/(10015:10015): Hola soy un log
[INFO] 17:17:09:125 CLIENTE_LOGGER/(10015:10015): Valor leido de la config: valor
[INFO] 17:17:24:306 CLIENTE_LOGGER/(10015:10015): >> ahora
[INFO] 17:17:27:766 CLIENTE_LOGGER/(10015:10015): >> estoy mandando info
[INFO] 17:17:31:973 CLIENTE_LOGGER/(10015:10015): >> que solo se guarda en el log del cliente
[INFO] 17:18:39:795 CLIENTE_LOGGER/(10015:10015): >> le mando
[INFO] 17:18:40:830 CLIENTE_LOGGER/(10015:10015): >> info
[INFO] 17:18:41:601 CLIENTE_LOGGER/(10015:10015): >> al
[INFO] 17:18:42:248 CLIENTE_LOGGER/(10015:10015): >> log
[INFO] 17:18:42:876 CLIENTE_LOGGER/(10015:10015): >> del
[INFO] 17:18:43:847 CLIENTE_LOGGER/(10015:10015): >> cliente
[INFO] 17:18:47:838 CLIENTE_LOGGER/(10015:10015): >> 
